<?xml version="1.0" encoding="UTF-8"?>
<!-- Generated by org.testng.reporters.JUnitXMLReporter -->
<testsuite ignored="0" hostname="LAPTOP-F48D2J5E" failures="1" tests="1" name="Test" time="14.295" errors="0" timestamp="2024-07-04T22:53:13 IST">
  <testcase classname="TestCases.Tc_Testing1" name="page" time="0.89">
    <failure type="java.lang.AssertionError" message="expected [true] but found [false]">
      <![CDATA[java.lang.AssertionError: expected [true] but found [false]
at TestCases.BaseClass.verifyURL(BaseClass.java:64)
at TestCases.Tc_Testing1.page(Tc_Testing1.java:28)
at java.base/java.util.ArrayList.forEach(ArrayList.java:1596)
... Removed 29 stack frames]]>
    </failure>
  </testcase> <!-- page -->
</testsuite> <!-- Test -->
